Started GET "/" for 127.0.0.1 at 2017-06-20 10:20:42 +0700
  
ActiveRecord::NoDatabaseError (FATAL:  database "parler_development" does not exist
):
  
vendor/gems/activerecord-5.0.4/lib/active_record/connection_adapters/postgresql_adapter.rb:675:in `rescue in connect'
vendor/gems/activerecord-5.0.4/lib/active_record/connection_adapters/postgresql_adapter.rb:671:in `connect'
vendor/gems/activerecord-5.0.4/lib/active_record/connection_adapters/postgresql_adapter.rb:217:in `initialize'
vendor/gems/activerecord-5.0.4/lib/active_record/connection_adapters/postgresql_adapter.rb:37:in `new'
vendor/gems/activerecord-5.0.4/lib/active_record/connection_adapters/postgresql_adapter.rb:37:in `postgresql_connection'
vendor/gems/activerecord-5.0.4/lib/active_record/connection_adapters/abstract/connection_pool.rb:729:in `new_connection'
vendor/gems/activerecord-5.0.4/lib/active_record/connection_adapters/abstract/connection_pool.rb:773:in `checkout_new_connection'
vendor/gems/activerecord-5.0.4/lib/active_record/connection_adapters/abstract/connection_pool.rb:752:in `try_to_checkout_new_connection'
vendor/gems/activerecord-5.0.4/lib/active_record/connection_adapters/abstract/connection_pool.rb:713:in `acquire_connection'
vendor/gems/activerecord-5.0.4/lib/active_record/connection_adapters/abstract/connection_pool.rb:490:in `checkout'
vendor/gems/activerecord-5.0.4/lib/active_record/connection_adapters/abstract/connection_pool.rb:364:in `connection'
vendor/gems/activerecord-5.0.4/lib/active_record/connection_adapters/abstract/connection_pool.rb:883:in `retrieve_connection'
vendor/gems/activerecord-5.0.4/lib/active_record/connection_handling.rb:128:in `retrieve_connection'
vendor/gems/activerecord-5.0.4/lib/active_record/connection_handling.rb:91:in `connection'
vendor/gems/activerecord-5.0.4/lib/active_record/migration.rb:559:in `connection'
vendor/gems/activerecord-5.0.4/lib/active_record/migration.rb:546:in `call'
vendor/gems/actionpack-5.0.4/lib/action_dispatch/middleware/callbacks.rb:38:in `block in call'
vendor/gems/activesupport-5.0.4/lib/active_support/callbacks.rb:97:in `__run_callbacks__'
vendor/gems/activesupport-5.0.4/lib/active_support/callbacks.rb:750:in `_run_call_callbacks'
vendor/gems/activesupport-5.0.4/lib/active_support/callbacks.rb:90:in `run_callbacks'
vendor/gems/actionpack-5.0.4/lib/action_dispatch/middleware/callbacks.rb:36:in `call'
vendor/gems/actionpack-5.0.4/lib/action_dispatch/middleware/executor.rb:12:in `call'
vendor/gems/actionpack-5.0.4/lib/action_dispatch/middleware/remote_ip.rb:79:in `call'
vendor/gems/actionpack-5.0.4/lib/action_dispatch/middleware/debug_exceptions.rb:49:in `call'
vendor/gems/web-console-3.5.1/lib/web_console/middleware.rb:135:in `call_app'
vendor/gems/web-console-3.5.1/lib/web_console/middleware.rb:28:in `block in call'
vendor/gems/web-console-3.5.1/lib/web_console/middleware.rb:18:in `catch'
vendor/gems/web-console-3.5.1/lib/web_console/middleware.rb:18:in `call'
vendor/gems/actionpack-5.0.4/lib/action_dispatch/middleware/show_exceptions.rb:31:in `call'
vendor/gems/railties-5.0.4/lib/rails/rack/logger.rb:36:in `call_app'
vendor/gems/railties-5.0.4/lib/rails/rack/logger.rb:24:in `block in call'
vendor/gems/activesupport-5.0.4/lib/active_support/tagged_logging.rb:69:in `block in tagged'
vendor/gems/activesupport-5.0.4/lib/active_support/tagged_logging.rb:26:in `tagged'
vendor/gems/activesupport-5.0.4/lib/active_support/tagged_logging.rb:69:in `tagged'
vendor/gems/railties-5.0.4/lib/rails/rack/logger.rb:24:in `call'
vendor/gems/sprockets-rails-3.2.0/lib/sprockets/rails/quiet_assets.rb:13:in `call'
vendor/gems/actionpack-5.0.4/lib/action_dispatch/middleware/request_id.rb:24:in `call'
vendor/gems/rack-2.0.3/lib/rack/method_override.rb:22:in `call'
vendor/gems/rack-2.0.3/lib/rack/runtime.rb:22:in `call'
vendor/gems/activesupport-5.0.4/lib/active_support/cache/strategy/local_cache_middleware.rb:28:in `call'
vendor/gems/actionpack-5.0.4/lib/action_dispatch/middleware/executor.rb:12:in `call'
vendor/gems/actionpack-5.0.4/lib/action_dispatch/middleware/static.rb:136:in `call'
vendor/gems/rack-2.0.3/lib/rack/sendfile.rb:111:in `call'
vendor/gems/railties-5.0.4/lib/rails/engine.rb:522:in `call'
vendor/gems/puma-3.9.1/lib/puma/configuration.rb:224:in `call'
vendor/gems/puma-3.9.1/lib/puma/server.rb:602:in `handle_request'
vendor/gems/puma-3.9.1/lib/puma/server.rb:435:in `process_client'
vendor/gems/puma-3.9.1/lib/puma/server.rb:299:in `block in run'
vendor/gems/puma-3.9.1/lib/puma/thread_pool.rb:120:in `block in spawn_thread'
  Rendering vendor/gems/actionpack-5.0.4/lib/action_dispatch/middleware/templates/rescues/diagnostics.html.erb within rescues/layout
  Rendering vendor/gems/actionpack-5.0.4/lib/action_dispatch/middleware/templates/rescues/_source.html.erb
  Rendered vendor/gems/actionpack-5.0.4/lib/action_dispatch/middleware/templates/rescues/_source.html.erb (2.8ms)
  Rendering vendor/gems/actionpack-5.0.4/lib/action_dispatch/middleware/templates/rescues/_trace.html.erb
  Rendered vendor/gems/actionpack-5.0.4/lib/action_dispatch/middleware/templates/rescues/_trace.html.erb (1.7ms)
  Rendering vendor/gems/actionpack-5.0.4/lib/action_dispatch/middleware/templates/rescues/_request_and_response.html.erb
  Rendered vendor/gems/actionpack-5.0.4/lib/action_dispatch/middleware/templates/rescues/_request_and_response.html.erb (1.2ms)
  Rendered vendor/gems/actionpack-5.0.4/lib/action_dispatch/middleware/templates/rescues/diagnostics.html.erb within rescues/layout (69.0ms)
Started GET "/" for 127.0.0.1 at 2017-06-20 10:21:06 +0700
Processing by Rails::WelcomeController#index as HTML
  Parameters: {"internal"=>true}
  Rendering vendor/gems/railties-5.0.4/lib/rails/templates/rails/welcome/index.html.erb
  Rendered vendor/gems/railties-5.0.4/lib/rails/templates/rails/welcome/index.html.erb (3.8ms)
Completed 200 OK in 21ms (Views: 9.5ms | ActiveRecord: 0.0ms)


  [1m[35m (16.3ms)[0m  [1m[35mCREATE TABLE "schema_migrations" ("version" character varying PRIMARY KEY)[0m
  [1m[35m (19.3ms)[0m  [1m[35mCREATE TABLE "ar_internal_metadata" ("key" character varying PRIMARY KEY, "value" character varying, "created_at" timestamp NOT NULL, "updated_at" timestamp NOT NULL)[0m
  [1m[35m (0.7ms)[0m  [1m[34mSELECT pg_try_advisory_lock(1734109364985890865);[0m
  [1m[36mActiveRecord::SchemaMigration Load (6.5ms)[0m  [1m[34mSELECT "schema_migrations".* FROM "schema_migrations"[0m
Migrating to CreateUsers (20170620032245)
  [1m[35m (0.1ms)[0m  [1m[35mBEGIN[0m
  [1m[35m (28.4ms)[0m  [1m[35mCREATE TABLE "users" ("id" serial primary key, "name" character varying, "email" character varying, "password_digest" character varying, "created_at" timestamp NOT NULL, "updated_at" timestamp NOT NULL)[0m
  [1m[35mSQL (1.7ms)[0m  [1m[32mINSERT INTO "schema_migrations" ("version") VALUES ($1) RETURNING "version"[0m  [["version", "20170620032245"]]
  [1m[35m (0.2ms)[0m  [1m[35mCOMMIT[0m
  [1m[36mActiveRecord::InternalMetadata Load (0.4ms)[0m  [1m[34mSELECT  "ar_internal_metadata".* FROM "ar_internal_metadata" WHERE "ar_internal_metadata"."key" = $1 LIMIT $2[0m  [["key", "environment"], ["LIMIT", 1]]
  [1m[35m (0.1ms)[0m  [1m[35mBEGIN[0m
  [1m[35mSQL (1.4ms)[0m  [1m[32mINSERT INTO "ar_internal_metadata" ("key", "value", "created_at", "updated_at") VALUES ($1, $2, $3, $4) RETURNING "key"[0m  [["key", "environment"], ["value", "development"], ["created_at", "2017-06-20 03:23:22.899938"], ["updated_at", "2017-06-20 03:23:22.899938"]]
  [1m[35m (0.3ms)[0m  [1m[35mCOMMIT[0m
  [1m[35m (0.2ms)[0m  [1m[34mSELECT pg_advisory_unlock(1734109364985890865)[0m
  [1m[36mActiveRecord::SchemaMigration Load (0.2ms)[0m  [1m[34mSELECT "schema_migrations".* FROM "schema_migrations"[0m
Started GET "/" for 127.0.0.1 at 2017-06-20 10:45:56 +0700
  [1m[36mActiveRecord::SchemaMigration Load (6.4ms)[0m  [1m[34mSELECT "schema_migrations".* FROM "schema_migrations"[0m
Processing by HomeController#index as HTML
  Rendering home/index.html.erb within layouts/application
  Rendered home/index.html.erb within layouts/application (233.2ms)
Completed 500 Internal Server Error in 252ms (ActiveRecord: 0.0ms)


  
ActionView::Template::Error (undefined local variable or method `new_user_path' for #<#<Class:0x007fa523110c18>:0x007fa521c94d20>):
    1: <h1>Home#index</h1>
    2: <p>Find me in app/views/home/index.html.erb</p>
    3: 
    4: <%= link_to "Register", new_user_path %>
  
app/views/home/index.html.erb:4:in `_app_views_home_index_html_erb___1186237285353968933_70173617329560'
  Rendering vendor/gems/actionpack-5.0.4/lib/action_dispatch/middleware/templates/rescues/template_error.html.erb within rescues/layout
  Rendering vendor/gems/actionpack-5.0.4/lib/action_dispatch/middleware/templates/rescues/_source.html.erb
  Rendered vendor/gems/actionpack-5.0.4/lib/action_dispatch/middleware/templates/rescues/_source.html.erb (6.8ms)
  Rendering vendor/gems/actionpack-5.0.4/lib/action_dispatch/middleware/templates/rescues/_trace.html.erb
  Rendered vendor/gems/actionpack-5.0.4/lib/action_dispatch/middleware/templates/rescues/_trace.html.erb (1.7ms)
  Rendering vendor/gems/actionpack-5.0.4/lib/action_dispatch/middleware/templates/rescues/_request_and_response.html.erb
  Rendered vendor/gems/actionpack-5.0.4/lib/action_dispatch/middleware/templates/rescues/_request_and_response.html.erb (1.0ms)
  Rendered vendor/gems/actionpack-5.0.4/lib/action_dispatch/middleware/templates/rescues/template_error.html.erb within rescues/layout (71.8ms)
Started GET "/" for 127.0.0.1 at 2017-06-20 10:46:35 +0700
  
SyntaxError (/Users/tringo/Documents/Projects/Rails/parler/config/routes.rb:3: syntax error, unexpected ':', expecting keyword_end
  resources: users
            ^):
  
config/routes.rb:3: syntax error, unexpected ':', expecting keyword_end
  Rendering vendor/gems/actionpack-5.0.4/lib/action_dispatch/middleware/templates/rescues/diagnostics.html.erb within rescues/layout
  Rendering vendor/gems/actionpack-5.0.4/lib/action_dispatch/middleware/templates/rescues/_source.html.erb
  Rendered vendor/gems/actionpack-5.0.4/lib/action_dispatch/middleware/templates/rescues/_source.html.erb (2.1ms)
  Rendering vendor/gems/actionpack-5.0.4/lib/action_dispatch/middleware/templates/rescues/_trace.html.erb
  Rendered vendor/gems/actionpack-5.0.4/lib/action_dispatch/middleware/templates/rescues/_trace.html.erb (1.3ms)
  Rendering vendor/gems/actionpack-5.0.4/lib/action_dispatch/middleware/templates/rescues/_request_and_response.html.erb
  Rendered vendor/gems/actionpack-5.0.4/lib/action_dispatch/middleware/templates/rescues/_request_and_response.html.erb (0.9ms)
  Rendered vendor/gems/actionpack-5.0.4/lib/action_dispatch/middleware/templates/rescues/diagnostics.html.erb within rescues/layout (61.3ms)
Started GET "/" for 127.0.0.1 at 2017-06-20 10:46:50 +0700
Processing by HomeController#index as HTML
  Rendering home/index.html.erb within layouts/application
  Rendered home/index.html.erb within layouts/application (0.6ms)
Completed 200 OK in 4897ms (Views: 4895.3ms | ActiveRecord: 0.0ms)


Started GET "/users/new" for 127.0.0.1 at 2017-06-20 10:47:00 +0700
  
ActionController::RoutingError (uninitialized constant UsersController):
  
vendor/gems/activesupport-5.0.4/lib/active_support/inflector/methods.rb:268:in `const_get'
vendor/gems/activesupport-5.0.4/lib/active_support/inflector/methods.rb:268:in `block in constantize'
vendor/gems/activesupport-5.0.4/lib/active_support/inflector/methods.rb:266:in `each'
vendor/gems/activesupport-5.0.4/lib/active_support/inflector/methods.rb:266:in `inject'
vendor/gems/activesupport-5.0.4/lib/active_support/inflector/methods.rb:266:in `constantize'
vendor/gems/actionpack-5.0.4/lib/action_dispatch/http/request.rb:81:in `controller_class'
vendor/gems/actionpack-5.0.4/lib/action_dispatch/routing/route_set.rb:44:in `controller'
vendor/gems/actionpack-5.0.4/lib/action_dispatch/routing/route_set.rb:30:in `serve'
vendor/gems/actionpack-5.0.4/lib/action_dispatch/journey/router.rb:39:in `block in serve'
vendor/gems/actionpack-5.0.4/lib/action_dispatch/journey/router.rb:26:in `each'
vendor/gems/actionpack-5.0.4/lib/action_dispatch/journey/router.rb:26:in `serve'
vendor/gems/actionpack-5.0.4/lib/action_dispatch/routing/route_set.rb:725:in `call'
vendor/gems/rack-2.0.3/lib/rack/etag.rb:25:in `call'
vendor/gems/rack-2.0.3/lib/rack/conditional_get.rb:25:in `call'
vendor/gems/rack-2.0.3/lib/rack/head.rb:12:in `call'
vendor/gems/rack-2.0.3/lib/rack/session/abstract/id.rb:232:in `context'
vendor/gems/rack-2.0.3/lib/rack/session/abstract/id.rb:226:in `call'
vendor/gems/actionpack-5.0.4/lib/action_dispatch/middleware/cookies.rb:613:in `call'
vendor/gems/activerecord-5.0.4/lib/active_record/migration.rb:553:in `call'
vendor/gems/actionpack-5.0.4/lib/action_dispatch/middleware/callbacks.rb:38:in `block in call'
vendor/gems/activesupport-5.0.4/lib/active_support/callbacks.rb:97:in `__run_callbacks__'
vendor/gems/activesupport-5.0.4/lib/active_support/callbacks.rb:750:in `_run_call_callbacks'
vendor/gems/activesupport-5.0.4/lib/active_support/callbacks.rb:90:in `run_callbacks'
vendor/gems/actionpack-5.0.4/lib/action_dispatch/middleware/callbacks.rb:36:in `call'
vendor/gems/actionpack-5.0.4/lib/action_dispatch/middleware/executor.rb:12:in `call'
vendor/gems/actionpack-5.0.4/lib/action_dispatch/middleware/remote_ip.rb:79:in `call'
vendor/gems/actionpack-5.0.4/lib/action_dispatch/middleware/debug_exceptions.rb:49:in `call'
vendor/gems/web-console-3.5.1/lib/web_console/middleware.rb:135:in `call_app'
vendor/gems/web-console-3.5.1/lib/web_console/middleware.rb:28:in `block in call'
vendor/gems/web-console-3.5.1/lib/web_console/middleware.rb:18:in `catch'
vendor/gems/web-console-3.5.1/lib/web_console/middleware.rb:18:in `call'
vendor/gems/actionpack-5.0.4/lib/action_dispatch/middleware/show_exceptions.rb:31:in `call'
vendor/gems/railties-5.0.4/lib/rails/rack/logger.rb:36:in `call_app'
vendor/gems/railties-5.0.4/lib/rails/rack/logger.rb:24:in `block in call'
vendor/gems/activesupport-5.0.4/lib/active_support/tagged_logging.rb:69:in `block in tagged'
vendor/gems/activesupport-5.0.4/lib/active_support/tagged_logging.rb:26:in `tagged'
vendor/gems/activesupport-5.0.4/lib/active_support/tagged_logging.rb:69:in `tagged'
vendor/gems/railties-5.0.4/lib/rails/rack/logger.rb:24:in `call'
vendor/gems/sprockets-rails-3.2.0/lib/sprockets/rails/quiet_assets.rb:13:in `call'
vendor/gems/actionpack-5.0.4/lib/action_dispatch/middleware/request_id.rb:24:in `call'
vendor/gems/rack-2.0.3/lib/rack/method_override.rb:22:in `call'
vendor/gems/rack-2.0.3/lib/rack/runtime.rb:22:in `call'
vendor/gems/activesupport-5.0.4/lib/active_support/cache/strategy/local_cache_middleware.rb:28:in `call'
vendor/gems/actionpack-5.0.4/lib/action_dispatch/middleware/executor.rb:12:in `call'
vendor/gems/actionpack-5.0.4/lib/action_dispatch/middleware/static.rb:136:in `call'
vendor/gems/rack-2.0.3/lib/rack/sendfile.rb:111:in `call'
vendor/gems/railties-5.0.4/lib/rails/engine.rb:522:in `call'
vendor/gems/puma-3.9.1/lib/puma/configuration.rb:224:in `call'
vendor/gems/puma-3.9.1/lib/puma/server.rb:602:in `handle_request'
vendor/gems/puma-3.9.1/lib/puma/server.rb:435:in `process_client'
vendor/gems/puma-3.9.1/lib/puma/server.rb:299:in `block in run'
vendor/gems/puma-3.9.1/lib/puma/thread_pool.rb:120:in `block in spawn_thread'
  Rendering vendor/gems/actionpack-5.0.4/lib/action_dispatch/middleware/templates/rescues/routing_error.html.erb within rescues/layout
  Rendering vendor/gems/actionpack-5.0.4/lib/action_dispatch/middleware/templates/rescues/_trace.html.erb
  Rendered vendor/gems/actionpack-5.0.4/lib/action_dispatch/middleware/templates/rescues/_trace.html.erb (1.8ms)
  Rendered collection of vendor/gems/actionpack-5.0.4/lib/action_dispatch/middleware/templates/routes/_route.html.erb [10 times] (8.5ms)
  Rendered vendor/gems/actionpack-5.0.4/lib/action_dispatch/middleware/templates/routes/_table.html.erb (10.8ms)
  Rendering vendor/gems/actionpack-5.0.4/lib/action_dispatch/middleware/templates/rescues/_request_and_response.html.erb
  Rendered vendor/gems/actionpack-5.0.4/lib/action_dispatch/middleware/templates/rescues/_request_and_response.html.erb (1.3ms)
  Rendered vendor/gems/actionpack-5.0.4/lib/action_dispatch/middleware/templates/rescues/routing_error.html.erb within rescues/layout (103.5ms)
Started GET "/users/new" for 127.0.0.1 at 2017-06-20 10:52:01 +0700
Processing by UsersController#new as HTML
  Rendering users/new.html.erb within layouts/application
  Rendered users/new.html.erb within layouts/application (13.5ms)
Completed 200 OK in 126ms (Views: 109.6ms | ActiveRecord: 3.5ms)


Started GET "/users/new" for 127.0.0.1 at 2017-06-20 10:54:40 +0700
Processing by UsersController#new as HTML
  Rendering users/new.html.erb within layouts/application
  Rendered users/new.html.erb within layouts/application (44.7ms)
Completed 200 OK in 77ms (Views: 74.8ms | ActiveRecord: 0.0ms)


Started GET "/users/new" for 127.0.0.1 at 2017-06-20 10:55:53 +0700
Processing by UsersController#new as HTML
  Rendering users/new.html.erb within layouts/application
  Rendered users/new.html.erb within layouts/application (5.1ms)
Completed 200 OK in 34ms (Views: 31.7ms | ActiveRecord: 0.0ms)


Started GET "/users/new" for 127.0.0.1 at 2017-06-20 11:01:04 +0700
Processing by UsersController#new as HTML
  Rendering users/new.html.erb within layouts/application
  Rendered users/new.html.erb within layouts/application (7.2ms)
Completed 200 OK in 52ms (Views: 45.0ms | ActiveRecord: 0.0ms)


Started POST "/users" for 127.0.0.1 at 2017-06-20 11:01:22 +0700
Processing by UsersController#create as HTML
  Parameters: {"utf8"=>"✓", "authenticity_token"=>"8+fq0jMYi4+cAyFdl86DrPqtw+X5d0V1Zf7kNGf39Mcs84yIeUDxmmNjHGB9m1AdBpO3SGEXM19KSo7MhyvOTw==", "user"=>{"name"=>"Tri Ngo", "email"=>"tri@sample.com", "password"=>"[FILTERED]"}, "commit"=>"Create User"}
  [1m[35m (0.2ms)[0m  [1m[35mBEGIN[0m
  [1m[35mSQL (2.9ms)[0m  [1m[32mINSERT INTO "users" ("name", "email", "password_digest", "created_at", "updated_at") VALUES ($1, $2, $3, $4, $5) RETURNING "id"[0m  [["name", "Tri Ngo"], ["email", "tri@sample.com"], ["password_digest", "$2a$10$GMi0lYUPrbIF5x/WzE08SOgEuSeII7qb.f5F1HAPKlbXCAQ9mlCNG"], ["created_at", "2017-06-20 04:01:22.753220"], ["updated_at", "2017-06-20 04:01:22.753220"]]
  [1m[35m (0.5ms)[0m  [1m[35mCOMMIT[0m
Redirected to http://localhost:3000/
Completed 302 Found in 76ms (ActiveRecord: 3.6ms)


Started GET "/" for 127.0.0.1 at 2017-06-20 11:01:22 +0700
Processing by HomeController#index as HTML
  Rendering home/index.html.erb within layouts/application
  Rendered home/index.html.erb within layouts/application (0.8ms)
Completed 200 OK in 35ms (Views: 33.4ms | ActiveRecord: 0.0ms)


Started GET "/" for 127.0.0.1 at 2017-06-20 11:06:01 +0700
Processing by HomeController#index as HTML
  Rendering home/index.html.erb within layouts/application
  [1m[36mUser Load (5.9ms)[0m  [1m[34mSELECT "users".* FROM "users"[0m
  Rendered home/index.html.erb within layouts/application (8.3ms)
Completed 200 OK in 43ms (Views: 35.4ms | ActiveRecord: 5.9ms)


Started GET "/users/new" for 127.0.0.1 at 2017-06-20 11:19:25 +0700
Processing by UsersController#new as HTML
  Rendering users/new.html.erb within layouts/application
  Rendered users/new.html.erb within layouts/application (11.6ms)
Completed 200 OK in 59ms (Views: 48.2ms | ActiveRecord: 0.0ms)


Started POST "/users" for 127.0.0.1 at 2017-06-20 11:19:39 +0700
Processing by UsersController#create as HTML
  Parameters: {"utf8"=>"✓", "authenticity_token"=>"zJzC5cCtw/cDPIdMpBIFxP+7O6O9nTpATPjig6ipWRuZGyfwTa8xvu03KNSJzQ7A9fMjIw0tFgkp7PVpWh+f3w==", "user"=>{"name"=>"Tri", "email"=>"tri@sample.com", "password"=>"[FILTERED]"}, "commit"=>"Create User"}
  [1m[35m (0.1ms)[0m  [1m[35mBEGIN[0m
  [1m[36mUser Exists (6.6ms)[0m  [1m[34mSELECT  1 AS one FROM "users" WHERE "users"."email" = $1 LIMIT $2[0m  [["email", "tri@sample.com"], ["LIMIT", 1]]
  [1m[35m (0.2ms)[0m  [1m[31mROLLBACK[0m
  Rendering users/new.html.erb within layouts/application
  Rendered users/new.html.erb within layouts/application (9.4ms)
Completed 200 OK in 129ms (Views: 37.8ms | ActiveRecord: 6.9ms)


Started GET "/users" for 127.0.0.1 at 2017-06-20 11:21:02 +0700
  
AbstractController::ActionNotFound (The action 'index' could not be found for UsersController):
  
vendor/gems/actionpack-5.0.4/lib/abstract_controller/base.rb:121:in `process'
vendor/gems/actionview-5.0.4/lib/action_view/rendering.rb:30:in `process'
vendor/gems/actionpack-5.0.4/lib/action_controller/metal.rb:190:in `dispatch'
vendor/gems/actionpack-5.0.4/lib/action_controller/metal.rb:262:in `dispatch'
vendor/gems/actionpack-5.0.4/lib/action_dispatch/routing/route_set.rb:50:in `dispatch'
vendor/gems/actionpack-5.0.4/lib/action_dispatch/routing/route_set.rb:32:in `serve'
vendor/gems/actionpack-5.0.4/lib/action_dispatch/journey/router.rb:39:in `block in serve'
vendor/gems/actionpack-5.0.4/lib/action_dispatch/journey/router.rb:26:in `each'
vendor/gems/actionpack-5.0.4/lib/action_dispatch/journey/router.rb:26:in `serve'
vendor/gems/actionpack-5.0.4/lib/action_dispatch/routing/route_set.rb:725:in `call'
vendor/gems/rack-2.0.3/lib/rack/etag.rb:25:in `call'
vendor/gems/rack-2.0.3/lib/rack/conditional_get.rb:25:in `call'
vendor/gems/rack-2.0.3/lib/rack/head.rb:12:in `call'
vendor/gems/rack-2.0.3/lib/rack/session/abstract/id.rb:232:in `context'
vendor/gems/rack-2.0.3/lib/rack/session/abstract/id.rb:226:in `call'
vendor/gems/actionpack-5.0.4/lib/action_dispatch/middleware/cookies.rb:613:in `call'
vendor/gems/activerecord-5.0.4/lib/active_record/migration.rb:553:in `call'
vendor/gems/actionpack-5.0.4/lib/action_dispatch/middleware/callbacks.rb:38:in `block in call'
vendor/gems/activesupport-5.0.4/lib/active_support/callbacks.rb:97:in `__run_callbacks__'
vendor/gems/activesupport-5.0.4/lib/active_support/callbacks.rb:750:in `_run_call_callbacks'
vendor/gems/activesupport-5.0.4/lib/active_support/callbacks.rb:90:in `run_callbacks'
vendor/gems/actionpack-5.0.4/lib/action_dispatch/middleware/callbacks.rb:36:in `call'
vendor/gems/actionpack-5.0.4/lib/action_dispatch/middleware/executor.rb:12:in `call'
vendor/gems/actionpack-5.0.4/lib/action_dispatch/middleware/remote_ip.rb:79:in `call'
vendor/gems/actionpack-5.0.4/lib/action_dispatch/middleware/debug_exceptions.rb:49:in `call'
vendor/gems/web-console-3.5.1/lib/web_console/middleware.rb:135:in `call_app'
vendor/gems/web-console-3.5.1/lib/web_console/middleware.rb:28:in `block in call'
vendor/gems/web-console-3.5.1/lib/web_console/middleware.rb:18:in `catch'
vendor/gems/web-console-3.5.1/lib/web_console/middleware.rb:18:in `call'
vendor/gems/actionpack-5.0.4/lib/action_dispatch/middleware/show_exceptions.rb:31:in `call'
vendor/gems/railties-5.0.4/lib/rails/rack/logger.rb:36:in `call_app'
vendor/gems/railties-5.0.4/lib/rails/rack/logger.rb:24:in `block in call'
vendor/gems/activesupport-5.0.4/lib/active_support/tagged_logging.rb:69:in `block in tagged'
vendor/gems/activesupport-5.0.4/lib/active_support/tagged_logging.rb:26:in `tagged'
vendor/gems/activesupport-5.0.4/lib/active_support/tagged_logging.rb:69:in `tagged'
vendor/gems/railties-5.0.4/lib/rails/rack/logger.rb:24:in `call'
vendor/gems/sprockets-rails-3.2.0/lib/sprockets/rails/quiet_assets.rb:13:in `call'
vendor/gems/actionpack-5.0.4/lib/action_dispatch/middleware/request_id.rb:24:in `call'
vendor/gems/rack-2.0.3/lib/rack/method_override.rb:22:in `call'
vendor/gems/rack-2.0.3/lib/rack/runtime.rb:22:in `call'
vendor/gems/activesupport-5.0.4/lib/active_support/cache/strategy/local_cache_middleware.rb:28:in `call'
vendor/gems/actionpack-5.0.4/lib/action_dispatch/middleware/executor.rb:12:in `call'
vendor/gems/actionpack-5.0.4/lib/action_dispatch/middleware/static.rb:136:in `call'
vendor/gems/rack-2.0.3/lib/rack/sendfile.rb:111:in `call'
vendor/gems/railties-5.0.4/lib/rails/engine.rb:522:in `call'
vendor/gems/puma-3.9.1/lib/puma/configuration.rb:224:in `call'
vendor/gems/puma-3.9.1/lib/puma/server.rb:602:in `handle_request'
vendor/gems/puma-3.9.1/lib/puma/server.rb:435:in `process_client'
vendor/gems/puma-3.9.1/lib/puma/server.rb:299:in `block in run'
vendor/gems/puma-3.9.1/lib/puma/thread_pool.rb:120:in `block in spawn_thread'
  Rendering vendor/gems/actionpack-5.0.4/lib/action_dispatch/middleware/templates/rescues/unknown_action.html.erb within rescues/layout
  Rendered vendor/gems/actionpack-5.0.4/lib/action_dispatch/middleware/templates/rescues/unknown_action.html.erb within rescues/layout (0.5ms)
Started GET "/" for 127.0.0.1 at 2017-06-20 11:21:06 +0700
Processing by HomeController#index as HTML
  Rendering home/index.html.erb within layouts/application
  [1m[36mUser Load (0.2ms)[0m  [1m[34mSELECT "users".* FROM "users"[0m
  Rendered home/index.html.erb within layouts/application (1.6ms)
Completed 200 OK in 28ms (Views: 25.4ms | ActiveRecord: 0.2ms)


Started GET "/users/new" for 127.0.0.1 at 2017-06-20 11:21:07 +0700
Processing by UsersController#new as HTML
  Rendering users/new.html.erb within layouts/application
  Rendered users/new.html.erb within layouts/application (6.3ms)
Completed 200 OK in 36ms (Views: 33.6ms | ActiveRecord: 0.0ms)


Started POST "/users" for 127.0.0.1 at 2017-06-20 11:21:13 +0700
Processing by UsersController#create as HTML
  Parameters: {"utf8"=>"✓", "authenticity_token"=>"i+FREuJ01vAvrfPdBRQwHQyTFj79+uxL3viUdLudR6neZrQHb3YkucGmXEUoyzsZBtsOvk1KwAK77IOeSSuBbQ==", "user"=>{"name"=>"Tri", "email"=>"tri@sample.com", "password"=>"[FILTERED]"}, "commit"=>"Create User"}
  [1m[35m (0.1ms)[0m  [1m[35mBEGIN[0m
  [1m[36mUser Exists (0.6ms)[0m  [1m[34mSELECT  1 AS one FROM "users" WHERE "users"."email" = $1 LIMIT $2[0m  [["email", "tri@sample.com"], ["LIMIT", 1]]
  [1m[35m (0.1ms)[0m  [1m[31mROLLBACK[0m
  Rendering users/new.html.erb within layouts/application
  Rendered users/new.html.erb within layouts/application (6.7ms)
Completed 200 OK in 105ms (Views: 30.3ms | ActiveRecord: 0.8ms)


Started GET "/users" for 127.0.0.1 at 2017-06-20 11:21:40 +0700
  [1m[36mActiveRecord::SchemaMigration Load (0.5ms)[0m  [1m[34mSELECT "schema_migrations".* FROM "schema_migrations"[0m
  
AbstractController::ActionNotFound (The action 'index' could not be found for UsersController):
  
vendor/gems/actionpack-5.0.4/lib/abstract_controller/base.rb:121:in `process'
vendor/gems/actionview-5.0.4/lib/action_view/rendering.rb:30:in `process'
vendor/gems/actionpack-5.0.4/lib/action_controller/metal.rb:190:in `dispatch'
vendor/gems/actionpack-5.0.4/lib/action_controller/metal.rb:262:in `dispatch'
vendor/gems/actionpack-5.0.4/lib/action_dispatch/routing/route_set.rb:50:in `dispatch'
vendor/gems/actionpack-5.0.4/lib/action_dispatch/routing/route_set.rb:32:in `serve'
vendor/gems/actionpack-5.0.4/lib/action_dispatch/journey/router.rb:39:in `block in serve'
vendor/gems/actionpack-5.0.4/lib/action_dispatch/journey/router.rb:26:in `each'
vendor/gems/actionpack-5.0.4/lib/action_dispatch/journey/router.rb:26:in `serve'
vendor/gems/actionpack-5.0.4/lib/action_dispatch/routing/route_set.rb:725:in `call'
vendor/gems/rack-2.0.3/lib/rack/etag.rb:25:in `call'
vendor/gems/rack-2.0.3/lib/rack/conditional_get.rb:25:in `call'
vendor/gems/rack-2.0.3/lib/rack/head.rb:12:in `call'
vendor/gems/rack-2.0.3/lib/rack/session/abstract/id.rb:232:in `context'
vendor/gems/rack-2.0.3/lib/rack/session/abstract/id.rb:226:in `call'
vendor/gems/actionpack-5.0.4/lib/action_dispatch/middleware/cookies.rb:613:in `call'
vendor/gems/activerecord-5.0.4/lib/active_record/migration.rb:553:in `call'
vendor/gems/actionpack-5.0.4/lib/action_dispatch/middleware/callbacks.rb:38:in `block in call'
vendor/gems/activesupport-5.0.4/lib/active_support/callbacks.rb:97:in `__run_callbacks__'
vendor/gems/activesupport-5.0.4/lib/active_support/callbacks.rb:750:in `_run_call_callbacks'
vendor/gems/activesupport-5.0.4/lib/active_support/callbacks.rb:90:in `run_callbacks'
vendor/gems/actionpack-5.0.4/lib/action_dispatch/middleware/callbacks.rb:36:in `call'
vendor/gems/actionpack-5.0.4/lib/action_dispatch/middleware/executor.rb:12:in `call'
vendor/gems/actionpack-5.0.4/lib/action_dispatch/middleware/remote_ip.rb:79:in `call'
vendor/gems/actionpack-5.0.4/lib/action_dispatch/middleware/debug_exceptions.rb:49:in `call'
vendor/gems/web-console-3.5.1/lib/web_console/middleware.rb:135:in `call_app'
vendor/gems/web-console-3.5.1/lib/web_console/middleware.rb:28:in `block in call'
vendor/gems/web-console-3.5.1/lib/web_console/middleware.rb:18:in `catch'
vendor/gems/web-console-3.5.1/lib/web_console/middleware.rb:18:in `call'
vendor/gems/actionpack-5.0.4/lib/action_dispatch/middleware/show_exceptions.rb:31:in `call'
vendor/gems/railties-5.0.4/lib/rails/rack/logger.rb:36:in `call_app'
vendor/gems/railties-5.0.4/lib/rails/rack/logger.rb:24:in `block in call'
vendor/gems/activesupport-5.0.4/lib/active_support/tagged_logging.rb:69:in `block in tagged'
vendor/gems/activesupport-5.0.4/lib/active_support/tagged_logging.rb:26:in `tagged'
vendor/gems/activesupport-5.0.4/lib/active_support/tagged_logging.rb:69:in `tagged'
vendor/gems/railties-5.0.4/lib/rails/rack/logger.rb:24:in `call'
vendor/gems/sprockets-rails-3.2.0/lib/sprockets/rails/quiet_assets.rb:13:in `call'
vendor/gems/actionpack-5.0.4/lib/action_dispatch/middleware/request_id.rb:24:in `call'
vendor/gems/rack-2.0.3/lib/rack/method_override.rb:22:in `call'
vendor/gems/rack-2.0.3/lib/rack/runtime.rb:22:in `call'
vendor/gems/activesupport-5.0.4/lib/active_support/cache/strategy/local_cache_middleware.rb:28:in `call'
vendor/gems/actionpack-5.0.4/lib/action_dispatch/middleware/executor.rb:12:in `call'
vendor/gems/actionpack-5.0.4/lib/action_dispatch/middleware/static.rb:136:in `call'
vendor/gems/rack-2.0.3/lib/rack/sendfile.rb:111:in `call'
vendor/gems/railties-5.0.4/lib/rails/engine.rb:522:in `call'
vendor/gems/puma-3.9.1/lib/puma/configuration.rb:224:in `call'
vendor/gems/puma-3.9.1/lib/puma/server.rb:602:in `handle_request'
vendor/gems/puma-3.9.1/lib/puma/server.rb:435:in `process_client'
vendor/gems/puma-3.9.1/lib/puma/server.rb:299:in `block in run'
vendor/gems/puma-3.9.1/lib/puma/thread_pool.rb:120:in `block in spawn_thread'
  Rendering vendor/gems/actionpack-5.0.4/lib/action_dispatch/middleware/templates/rescues/unknown_action.html.erb within rescues/layout
  Rendered vendor/gems/actionpack-5.0.4/lib/action_dispatch/middleware/templates/rescues/unknown_action.html.erb within rescues/layout (5.6ms)
Started GET "/" for 127.0.0.1 at 2017-06-20 11:21:44 +0700
Processing by HomeController#index as HTML
  Rendering home/index.html.erb within layouts/application
  [1m[36mUser Load (0.5ms)[0m  [1m[34mSELECT "users".* FROM "users"[0m
  Rendered home/index.html.erb within layouts/application (22.3ms)
Completed 200 OK in 351ms (Views: 336.5ms | ActiveRecord: 4.3ms)


Started GET "/users/new" for 127.0.0.1 at 2017-06-20 11:21:46 +0700
Processing by UsersController#new as HTML
  Rendering users/new.html.erb within layouts/application
  Rendered users/new.html.erb within layouts/application (110.7ms)
Completed 200 OK in 150ms (Views: 147.8ms | ActiveRecord: 0.0ms)


Started POST "/users" for 127.0.0.1 at 2017-06-20 11:21:59 +0700
Processing by UsersController#create as HTML
  Parameters: {"utf8"=>"✓", "authenticity_token"=>"kC8bydg73VdMRBu/P/E+/XXnBJPj+p0wqZqkSG6eqkrFqP7cVTkvHqJPtCcSLjX5f68cE1NKsXnMjrOinChsjg==", "user"=>{"name"=>"Tri", "email"=>"tri@sample.com", "password"=>"[FILTERED]"}, "commit"=>"Create User"}
  [1m[35m (0.1ms)[0m  [1m[35mBEGIN[0m
  [1m[36mUser Exists (0.6ms)[0m  [1m[34mSELECT  1 AS one FROM "users" WHERE "users"."email" = $1 LIMIT $2[0m  [["email", "tri@sample.com"], ["LIMIT", 1]]
  [1m[35m (0.1ms)[0m  [1m[31mROLLBACK[0m
  Rendering users/new.html.erb within layouts/application
  Rendered users/new.html.erb within layouts/application (5.2ms)
Completed 200 OK in 110ms (Views: 29.7ms | ActiveRecord: 0.8ms)


Started GET "/" for 127.0.0.1 at 2017-06-20 11:22:29 +0700
Processing by HomeController#index as HTML
  Rendering home/index.html.erb within layouts/application
  [1m[36mUser Load (0.2ms)[0m  [1m[34mSELECT "users".* FROM "users"[0m
  Rendered home/index.html.erb within layouts/application (1.7ms)
Completed 200 OK in 29ms (Views: 26.7ms | ActiveRecord: 0.2ms)


Started GET "/users/new" for 127.0.0.1 at 2017-06-20 11:22:33 +0700
Processing by UsersController#new as HTML
  Rendering users/new.html.erb within layouts/application
  Rendered users/new.html.erb within layouts/application (6.6ms)
Completed 200 OK in 33ms (Views: 31.3ms | ActiveRecord: 0.0ms)


Started POST "/users" for 127.0.0.1 at 2017-06-20 11:22:41 +0700
Processing by UsersController#create as HTML
  Parameters: {"utf8"=>"✓", "authenticity_token"=>"wV37hSGfz3G1IMcKnF9AHakXLdVAREqApiWXwjpwtgyU2h6QrJ09OFsraJKxgEsZo181VfD0ZsnDMYAoyMZwyA==", "user"=>{"name"=>"tri", "email"=>"tri@sample.com", "password"=>"[FILTERED]"}, "commit"=>"Create User"}
  [1m[35m (0.2ms)[0m  [1m[35mBEGIN[0m
  [1m[36mUser Exists (0.3ms)[0m  [1m[34mSELECT  1 AS one FROM "users" WHERE "users"."email" = $1 LIMIT $2[0m  [["email", "tri@sample.com"], ["LIMIT", 1]]
  [1m[35m (0.1ms)[0m  [1m[31mROLLBACK[0m
  Rendering users/new.html.erb within layouts/application
  Rendered users/new.html.erb within layouts/application (5.1ms)
Completed 200 OK in 110ms (Views: 35.3ms | ActiveRecord: 0.6ms)


Started GET "/users" for 127.0.0.1 at 2017-06-20 11:31:40 +0700
Started GET "/" for 127.0.0.1 at 2017-06-20 11:31:50 +0700
  
AbstractController::ActionNotFound (The action 'index' could not be found for UsersController):
  
vendor/gems/actionpack-5.0.4/lib/abstract_controller/base.rb:121:in `process'
vendor/gems/actionview-5.0.4/lib/action_view/rendering.rb:30:in `process'
vendor/gems/actionpack-5.0.4/lib/action_controller/metal.rb:190:in `dispatch'
vendor/gems/actionpack-5.0.4/lib/action_controller/metal.rb:262:in `dispatch'
vendor/gems/actionpack-5.0.4/lib/action_dispatch/routing/route_set.rb:50:in `dispatch'
vendor/gems/actionpack-5.0.4/lib/action_dispatch/routing/route_set.rb:32:in `serve'
vendor/gems/actionpack-5.0.4/lib/action_dispatch/journey/router.rb:39:in `block in serve'
vendor/gems/actionpack-5.0.4/lib/action_dispatch/journey/router.rb:26:in `each'
vendor/gems/actionpack-5.0.4/lib/action_dispatch/journey/router.rb:26:in `serve'
vendor/gems/actionpack-5.0.4/lib/action_dispatch/routing/route_set.rb:725:in `call'
vendor/gems/rack-2.0.3/lib/rack/etag.rb:25:in `call'
vendor/gems/rack-2.0.3/lib/rack/conditional_get.rb:25:in `call'
vendor/gems/rack-2.0.3/lib/rack/head.rb:12:in `call'
vendor/gems/rack-2.0.3/lib/rack/session/abstract/id.rb:232:in `context'
vendor/gems/rack-2.0.3/lib/rack/session/abstract/id.rb:226:in `call'
vendor/gems/actionpack-5.0.4/lib/action_dispatch/middleware/cookies.rb:613:in `call'
vendor/gems/activerecord-5.0.4/lib/active_record/migration.rb:553:in `call'
vendor/gems/actionpack-5.0.4/lib/action_dispatch/middleware/callbacks.rb:38:in `block in call'
vendor/gems/activesupport-5.0.4/lib/active_support/callbacks.rb:97:in `__run_callbacks__'
vendor/gems/activesupport-5.0.4/lib/active_support/callbacks.rb:750:in `_run_call_callbacks'
vendor/gems/activesupport-5.0.4/lib/active_support/callbacks.rb:90:in `run_callbacks'
vendor/gems/actionpack-5.0.4/lib/action_dispatch/middleware/callbacks.rb:36:in `call'
vendor/gems/actionpack-5.0.4/lib/action_dispatch/middleware/executor.rb:12:in `call'
vendor/gems/actionpack-5.0.4/lib/action_dispatch/middleware/remote_ip.rb:79:in `call'
vendor/gems/actionpack-5.0.4/lib/action_dispatch/middleware/debug_exceptions.rb:49:in `call'
vendor/gems/web-console-3.5.1/lib/web_console/middleware.rb:135:in `call_app'
vendor/gems/web-console-3.5.1/lib/web_console/middleware.rb:28:in `block in call'
vendor/gems/web-console-3.5.1/lib/web_console/middleware.rb:18:in `catch'
vendor/gems/web-console-3.5.1/lib/web_console/middleware.rb:18:in `call'
vendor/gems/actionpack-5.0.4/lib/action_dispatch/middleware/show_exceptions.rb:31:in `call'
vendor/gems/railties-5.0.4/lib/rails/rack/logger.rb:36:in `call_app'
vendor/gems/railties-5.0.4/lib/rails/rack/logger.rb:24:in `block in call'
vendor/gems/activesupport-5.0.4/lib/active_support/tagged_logging.rb:69:in `block in tagged'
vendor/gems/activesupport-5.0.4/lib/active_support/tagged_logging.rb:26:in `tagged'
vendor/gems/activesupport-5.0.4/lib/active_support/tagged_logging.rb:69:in `tagged'
vendor/gems/railties-5.0.4/lib/rails/rack/logger.rb:24:in `call'
vendor/gems/sprockets-rails-3.2.0/lib/sprockets/rails/quiet_assets.rb:13:in `call'
vendor/gems/actionpack-5.0.4/lib/action_dispatch/middleware/request_id.rb:24:in `call'
vendor/gems/rack-2.0.3/lib/rack/method_override.rb:22:in `call'
vendor/gems/rack-2.0.3/lib/rack/runtime.rb:22:in `call'
vendor/gems/activesupport-5.0.4/lib/active_support/cache/strategy/local_cache_middleware.rb:28:in `call'
vendor/gems/actionpack-5.0.4/lib/action_dispatch/middleware/executor.rb:12:in `call'
vendor/gems/actionpack-5.0.4/lib/action_dispatch/middleware/static.rb:136:in `call'
vendor/gems/rack-2.0.3/lib/rack/sendfile.rb:111:in `call'
vendor/gems/railties-5.0.4/lib/rails/engine.rb:522:in `call'
vendor/gems/puma-3.9.1/lib/puma/configuration.rb:224:in `call'
vendor/gems/puma-3.9.1/lib/puma/server.rb:602:in `handle_request'
vendor/gems/puma-3.9.1/lib/puma/server.rb:435:in `process_client'
vendor/gems/puma-3.9.1/lib/puma/server.rb:299:in `block in run'
vendor/gems/puma-3.9.1/lib/puma/thread_pool.rb:120:in `block in spawn_thread'
  Rendering vendor/gems/actionpack-5.0.4/lib/action_dispatch/middleware/templates/rescues/unknown_action.html.erb within rescues/layout
  Rendered vendor/gems/actionpack-5.0.4/lib/action_dispatch/middleware/templates/rescues/unknown_action.html.erb within rescues/layout (0.4ms)
Processing by HomeController#index as HTML
  Rendering home/index.html.erb within layouts/application
  [1m[36mUser Load (0.5ms)[0m  [1m[34mSELECT "users".* FROM "users"[0m
  Rendered home/index.html.erb within layouts/application (14.5ms)
Completed 200 OK in 46ms (Views: 39.5ms | ActiveRecord: 3.5ms)


Started GET "/users/new" for 127.0.0.1 at 2017-06-20 11:31:52 +0700
Processing by UsersController#new as HTML
  Rendering users/new.html.erb within layouts/application
  Rendered users/new.html.erb within layouts/application (8.4ms)
Completed 200 OK in 34ms (Views: 31.5ms | ActiveRecord: 0.0ms)


Started POST "/users" for 127.0.0.1 at 2017-06-20 11:32:13 +0700
Processing by UsersController#create as HTML
  Parameters: {"utf8"=>"✓", "authenticity_token"=>"faTHI6F63MuDc/yS53G8decyolyYWw+KMYrv5mACIoooIyI2LHgugm14UwrKrrdx7Xq63CjrI8NUnvgMkrTkTg==", "user"=>{"name"=>"John", "email"=>"john@sample.com", "password"=>"[FILTERED]"}, "commit"=>"Create User"}
  [1m[35m (0.1ms)[0m  [1m[35mBEGIN[0m
  [1m[36mUser Exists (0.7ms)[0m  [1m[34mSELECT  1 AS one FROM "users" WHERE "users"."email" = $1 LIMIT $2[0m  [["email", "john@sample.com"], ["LIMIT", 1]]
  [1m[35mSQL (2.7ms)[0m  [1m[32mINSERT INTO "users" ("name", "email", "password_digest", "created_at", "updated_at") VALUES ($1, $2, $3, $4, $5) RETURNING "id"[0m  [["name", "John"], ["email", "john@sample.com"], ["password_digest", "$2a$10$OUaifkET6au6SjeVA7P8BOGA8r/eScoylDjHNf1wiL/XnxRpyYcNW"], ["created_at", "2017-06-20 04:32:14.059494"], ["updated_at", "2017-06-20 04:32:14.059494"]]
  [1m[35m (0.4ms)[0m  [1m[35mCOMMIT[0m
Redirected to http://localhost:3000/
Completed 302 Found in 82ms (ActiveRecord: 3.9ms)


Started GET "/" for 127.0.0.1 at 2017-06-20 11:32:14 +0700
Processing by HomeController#index as HTML
  Rendering home/index.html.erb within layouts/application
  [1m[36mUser Load (0.2ms)[0m  [1m[34mSELECT "users".* FROM "users"[0m
  Rendered home/index.html.erb within layouts/application (1.2ms)
  [1m[36mUser Load (0.2ms)[0m  [1m[34mSELECT  "users".* FROM "users" WHERE "users"."id" = $1 LIMIT $2[0m  [["id", 2], ["LIMIT", 1]]
  [1m[36mCACHE (0.0ms)[0m  [1m[34mSELECT  "users".* FROM "users" WHERE "users"."id" = $1 LIMIT $2[0m  [["id", 2], ["LIMIT", 1]]
Completed 200 OK in 35ms (Views: 32.5ms | ActiveRecord: 0.6ms)


